# JRE version: OpenJDK Runtime Environment (8.0_242-b08) (build 1.8.0_242-8u242-b08-0ubuntu3~16.04-b08)
# Java VM: OpenJDK 64-Bit Server VM (25.242-b08 mixed mode linux-amd64 compressed oops)
Heap:
 PSYoungGen      total 203264K, used 38885K [0x00000000ec100000, 0x00000000fc100000, 0x0000000100000000)
  eden space 164352K, 0% used [0x00000000ec100000,0x00000000ec100000,0x00000000f6180000)
  from space 38912K, 99% used [0x00000000f6180000,0x00000000f87795e8,0x00000000f8780000)
  to   space 31744K, 0% used [0x00000000f8780000,0x00000000f8780000,0x00000000fa680000)
 ParOldGen       total 116224K, used 73630K [0x00000000c4200000, 0x00000000cb380000, 0x00000000ec100000)
  object space 116224K, 63% used [0x00000000c4200000,0x00000000c89e7aa0,0x00000000cb380000)
 Metaspace       used 34489K, capacity 35448K, committed 35840K, reserved 1081344K
  class space    used 3974K, capacity 4293K, committed 4352K, reserved 1048576K
GC Heap History (10 events):
Event: 21,230 GC heap after
Heap after GC invocations=10 (full 1):
 PSYoungGen      total 132096K, used 6938K [0x00000000ec100000, 0x00000000f6380000, 0x0000000100000000)
  eden space 118272K, 0% used [0x00000000ec100000,0x00000000ec100000,0x00000000f3480000)
  from space 13824K, 50% used [0x00000000f3480000,0x00000000f3b469c8,0x00000000f4200000)
  to   space 13312K, 0% used [0x00000000f5680000,0x00000000f5680000,0x00000000f6380000)
 ParOldGen       total 51200K, used 19271K [0x00000000c4200000, 0x00000000c7400000, 0x00000000ec100000)
  object space 51200K, 37% used [0x00000000c4200000,0x00000000c54d1f60,0x00000000c7400000)
 Metaspace       used 24832K, capacity 25522K, committed 25600K, reserved 1071104K
  class space    used 2820K, capacity 3068K, committed 3072K, reserved 1048576K
}
Event: 32,324 GC heap before
{Heap before GC invocations=11 (full 1):
 PSYoungGen      total 132096K, used 125210K [0x00000000ec100000, 0x00000000f6380000, 0x0000000100000000)
  eden space 118272K, 100% used [0x00000000ec100000,0x00000000f3480000,0x00000000f3480000)
  from space 13824K, 50% used [0x00000000f3480000,0x00000000f3b469c8,0x00000000f4200000)
  to   space 13312K, 0% used [0x00000000f5680000,0x00000000f5680000,0x00000000f6380000)
 ParOldGen       total 51200K, used 19275K [0x00000000c4200000, 0x00000000c7400000, 0x00000000ec100000)
  object space 51200K, 37% used [0x00000000c4200000,0x00000000c54d2f30,0x00000000c7400000)
 Metaspace       used 31403K, capacity 32260K, committed 32640K, reserved 1077248K
  class space    used 3586K, capacity 3876K, committed 3968K, reserved 1048576K
Event: 32,360 GC heap after
Heap after GC invocations=11 (full 1):
 PSYoungGen      total 150016K, used 13288K [0x00000000ec100000, 0x00000000f6580000, 0x0000000100000000)
  eden space 136704K, 0% used [0x00000000ec100000,0x00000000ec100000,0x00000000f4680000)
  from space 13312K, 99% used [0x00000000f5680000,0x00000000f637a128,0x00000000f6380000)
  to   space 15872K, 0% used [0x00000000f4680000,0x00000000f4680000,0x00000000f5600000)
 ParOldGen       total 51200K, used 21905K [0x00000000c4200000, 0x00000000c7400000, 0x00000000ec100000)
  object space 51200K, 42% used [0x00000000c4200000,0x00000000c5764448,0x00000000c7400000)
 Metaspace       used 31403K, capacity 32260K, committed 32640K, reserved 1077248K
  class space    used 3586K, capacity 3876K, committed 3968K, reserved 1048576K
}
Event: 34,652 GC heap before
{Heap before GC invocations=12 (full 1):
 PSYoungGen      total 150016K, used 149992K [0x00000000ec100000, 0x00000000f6580000, 0x0000000100000000)
  eden space 136704K, 100% used [0x00000000ec100000,0x00000000f4680000,0x00000000f4680000)
  from space 13312K, 99% used [0x00000000f5680000,0x00000000f637a128,0x00000000f6380000)
  to   space 15872K, 0% used [0x00000000f4680000,0x00000000f4680000,0x00000000f5600000)
 ParOldGen       total 51200K, used 21910K [0x00000000c4200000, 0x00000000c7400000, 0x00000000ec100000)
  object space 51200K, 42% used [0x00000000c4200000,0x00000000c57659f8,0x00000000c7400000)
 Metaspace       used 31437K, capacity 32260K, committed 32640K, reserved 1077248K
  class space    used 3586K, capacity 3876K, committed 3968K, reserved 1048576K
Event: 34,830 GC heap after
Heap after GC invocations=12 (full 1):
 PSYoungGen      total 152576K, used 15844K [0x00000000ec100000, 0x00000000fa680000, 0x0000000100000000)
  eden space 136704K, 0% used [0x00000000ec100000,0x00000000ec100000,0x00000000f4680000)
  from space 15872K, 99% used [0x00000000f4680000,0x00000000f55f91a8,0x00000000f5600000)
  to   space 31744K, 0% used [0x00000000f8780000,0x00000000f8780000,0x00000000fa680000)
 ParOldGen       total 58368K, used 57936K [0x00000000c4200000, 0x00000000c7b00000, 0x00000000ec100000)
  object space 58368K, 99% used [0x00000000c4200000,0x00000000c7a94130,0x00000000c7b00000)
 Metaspace       used 31437K, capacity 32260K, committed 32640K, reserved 1077248K
  class space    used 3586K, capacity 3876K, committed 3968K, reserved 1048576K
}
Event: 34,830 GC heap before
{Heap before GC invocations=13 (full 2):
 PSYoungGen      total 152576K, used 15844K [0x00000000ec100000, 0x00000000fa680000, 0x0000000100000000)
  eden space 136704K, 0% used [0x00000000ec100000,0x00000000ec100000,0x00000000f4680000)
  from space 15872K, 99% used [0x00000000f4680000,0x00000000f55f91a8,0x00000000f5600000)
  to   space 31744K, 0% used [0x00000000f8780000,0x00000000f8780000,0x00000000fa680000)
 ParOldGen       total 58368K, used 57936K [0x00000000c4200000, 0x00000000c7b00000, 0x00000000ec100000)
  object space 58368K, 99% used [0x00000000c4200000,0x00000000c7a94130,0x00000000c7b00000)
 Metaspace       used 31437K, capacity 32260K, committed 32640K, reserved 1077248K
  class space    used 3586K, capacity 3876K, committed 3968K, reserved 1048576K
Event: 35,392 GC heap after
Heap after GC invocations=13 (full 2):
 PSYoungGen      total 152576K, used 6977K [0x00000000ec100000, 0x00000000fa680000, 0x0000000100000000)
  eden space 136704K, 0% used [0x00000000ec100000,0x00000000ec100000,0x00000000f4680000)
  from space 15872K, 43% used [0x00000000f4680000,0x00000000f4d50720,0x00000000f5600000)
  to   space 31744K, 0% used [0x00000000f8780000,0x00000000f8780000,0x00000000fa680000)
 ParOldGen       total 116224K, used 58229K [0x00000000c4200000, 0x00000000cb380000, 0x00000000ec100000)
  object space 116224K, 50% used [0x00000000c4200000,0x00000000c7add420,0x00000000cb380000)
 Metaspace       used 31437K, capacity 32260K, committed 32640K, reserved 1077248K
  class space    used 3586K, capacity 3876K, committed 3968K, reserved 1048576K
}
Event: 36,364 GC heap before
{Heap before GC invocations=14 (full 2):
 PSYoungGen      total 152576K, used 143681K [0x00000000ec100000, 0x00000000fa680000, 0x0000000100000000)
  eden space 136704K, 100% used [0x00000000ec100000,0x00000000f4680000,0x00000000f4680000)
  from space 15872K, 43% used [0x00000000f4680000,0x00000000f4d50720,0x00000000f5600000)
  to   space 31744K, 0% used [0x00000000f8780000,0x00000000f8780000,0x00000000fa680000)
 ParOldGen       total 116224K, used 58237K [0x00000000c4200000, 0x00000000cb380000, 0x00000000ec100000)
  object space 116224K, 50% used [0x00000000c4200000,0x00000000c7adf730,0x00000000cb380000)
 Metaspace       used 31443K, capacity 32260K, committed 32640K, reserved 1077248K
  class space    used 3587K, capacity 3876K, committed 3968K, reserved 1048576K
Event: 36,509 GC heap after
Heap after GC invocations=14 (full 2):
 PSYoungGen      total 196096K, used 31731K [0x00000000ec100000, 0x00000000fc100000, 0x0000000100000000)
  eden space 164352K, 0% used [0x00000000ec100000,0x00000000ec100000,0x00000000f6180000)
  from space 31744K, 99% used [0x00000000f8780000,0x00000000fa67cd68,0x00000000fa680000)
  to   space 38912K, 0% used [0x00000000f6180000,0x00000000f6180000,0x00000000f8780000)
 ParOldGen       total 116224K, used 62766K [0x00000000c4200000, 0x00000000cb380000, 0x00000000ec100000)
  object space 116224K, 54% used [0x00000000c4200000,0x00000000c7f4ba50,0x00000000cb380000)
 Metaspace       used 31443K, capacity 32260K, committed 32640K, reserved 1077248K
  class space    used 3587K, capacity 3876K, committed 3968K, reserved 1048576K
}
Event: 41,722 GC heap before
{Heap before GC invocations=15 (full 2):
 PSYoungGen      total 196096K, used 196083K [0x00000000ec100000, 0x00000000fc100000, 0x0000000100000000)
  eden space 164352K, 100% used [0x00000000ec100000,0x00000000f6180000,0x00000000f6180000)
  from space 31744K, 99% used [0x00000000f8780000,0x00000000fa67cd68,0x00000000fa680000)
  to   space 38912K, 0% used [0x00000000f6180000,0x00000000f6180000,0x00000000f8780000)
 ParOldGen       total 116224K, used 62766K [0x00000000c4200000, 0x00000000cb380000, 0x00000000ec100000)
  object space 116224K, 54% used [0x00000000c4200000,0x00000000c7f4ba50,0x00000000cb380000)
 Metaspace       used 34489K, capacity 35448K, committed 35840K, reserved 1081344K
  class space    used 3974K, capacity 4293K, committed 4352K, reserved 1048576K

